<?xml version="1.0" encoding="UTF-8"?>
<testsuite name="org.hivemigration.gradle.plugins.hivemigration.HiveMigrationPluginTest" tests="3" skipped="0" failures="0" errors="0" timestamp="2017-10-06T18:59:59" hostname="hadoopsandbox" time="5.496">
  <properties/>
  <testcase name="hivemigrationPluginAddsExtensionToProject" classname="org.hivemigration.gradle.plugins.hivemigration.HiveMigrationPluginTest" time="5.047"/>
  <testcase name="hivemigrationPluginAddsMigrateTaskToProject" classname="org.hivemigration.gradle.plugins.hivemigration.HiveMigrationPluginTest" time="0.062"/>
  <testcase name="hivemigrationPluginExecuteMigrate" classname="org.hivemigration.gradle.plugins.hivemigration.HiveMigrationPluginTest" time="0.386"/>
  <system-out><![CDATA[Executing MigrateTask_Decorated task!
21:00:05.245 INFO  org.hivemigration.gradle.plugins.hivemigration.core.internal.utils.scripts.ScriptExecutionUtil - Using environment variable: MIGRATE_DB_USER
21:00:05.247 INFO  org.hivemigration.gradle.plugins.hivemigration.core.internal.utils.scripts.ScriptExecutionUtil - Using environment variable: MIGRATE_DB_PASSWORD
21:00:05.269 INFO  org.hivemigration.gradle.plugins.hivemigration.core.internal.migrate.Migrate - location folder does not exist (/home/administrator/github/hivemigration/hivemigration-gradle-plugin/../hivemigration-sample/db/changelog). There is nothing left to do.
Task MigrateTask_Decorated finished.
]]></system-out>
  <system-err><![CDATA[]]></system-err>
</testsuite>
